#separator \x09
#set_separator	,
#empty_field	(empty)
#unset_field	-
#path	x509
#open	2024-03-31-19-17-57
#fields	ts	fingerprint	certificate.version	certificate.serial	certificate.subject	certificate.issuer	certificate.not_valid_before	certificate.not_valid_after	certificate.key_alg	certificate.sig_alg	certificate.key_type	certificate.key_length	certificate.exponent	certificate.curve	san.dns	san.uri	san.email	san.ip	basic_constraints.ca	basic_constraints.path_len	host_cert	client_cert
#types	time	string	count	string	string	string	time	time	string	string	string	count	string	string	vector[string]	vector[string]	vector[string]	vector[addr]	bool	count	bool	bool
15.133577	c38fb0ce7783776a14b5229859809336e7400e88aa32bf2e0ea5056fd207c82b	3	21933373990A7990	CN=*.google.com,O=Google Inc,L=Mountain View,ST=California,C=US	CN=Google Internet Authority G2,O=Google Inc,C=US	1457502484.000000	1465237800.000000	id-ecPublicKey	sha256WithRSAEncryption	ecdsa	256	-	prime256v1	*.google.com,*.android.com,*.appengine.google.com,*.cloud.google.com,*.google-analytics.com,*.google.ca,*.google.cl,*.google.co.in,*.google.co.jp,*.google.co.uk,*.google.com.ar,*.google.com.au,*.google.com.br,*.google.com.co,*.google.com.mx,*.google.com.tr,*.google.com.vn,*.google.de,*.google.es,*.google.fr,*.google.hu,*.google.it,*.google.nl,*.google.pl,*.google.pt,*.googleadapis.com,*.googleapis.cn,*.googlecommerce.com,*.googlevideo.com,*.gstatic.cn,*.gstatic.com,*.gvt1.com,*.gvt2.com,*.metric.gstatic.com,*.urchin.com,*.url.google.com,*.youtube-nocookie.com,*.youtube.com,*.youtubeeducation.com,*.ytimg.com,android.clients.google.com,android.com,g.co,goo.gl,google-analytics.com,google.com,googlecommerce.com,urchin.com,youtu.be,youtube.com,youtubeeducation.com	-	-	-	F	-	T	F
15.133577	a4124fdaf9cac7baee1cab32e3225d746500c09f3cf3ebb253ef3fbb088afd34	3	023A83	CN=Google Internet Authority G2,O=Google Inc,C=US	CN=GeoTrust Global CA,O=GeoTrust Inc.,C=US	1365155156.000000	1483208999.000000	rsaEncryption	sha256WithRSAEncryption	rsa	2048	65537	-	-	-	-	-	T	0	F	F
15.133577	3c35cc963eb004451323d3275d05b353235053490d9cd83729a2faf5e7ca1cc0	3	12BBE6	CN=GeoTrust Global CA,O=GeoTrust Inc.,C=US	OU=Equifax Secure Certificate Authority,O=Equifax,C=US	1021933800.000000	1534804200.000000	rsaEncryption	sha1WithRSAEncryption	rsa	2048	65537	-	-	-	-	-	T	-	F	F
15.401252	bdca9a1aa7519037fa354003f724bb52eecd05238c3649626228654a0f1fb01d	3	03F93247476E47	CN=*.dropbox.com,OU=Domain Control Validated	CN=Go Daddy Secure Certificate Authority - G2,OU=http://certs.godaddy.com/repository/,O=GoDaddy.com\\, Inc.,L=Scottsdale,ST=Arizona,C=US	1397134872.000000	1481401186.000000	rsaEncryption	sha256WithRSAEncryption	rsa	2048	65537	-	*.dropbox.com,dropbox.com	-	-	-	F	-	T	F
15.401252	973a41276ffd01e027a2aad49e34c37846d3e976ff6a620b6712e33832041aa6	3	07	CN=Go Daddy Secure Certificate Authority - G2,OU=http://certs.godaddy.com/repository/,O=GoDaddy.com\\, Inc.,L=Scottsdale,ST=Arizona,C=US	CN=Go Daddy Root Certificate Authority - G2,O=GoDaddy.com\\, Inc.,L=Scottsdale,ST=Arizona,C=US	1304386200.000000	1935538200.000000	rsaEncryption	sha256WithRSAEncryption	rsa	2048	65537	-	-	-	-	-	T	-	F	F
15.401252	3a2fbe92891e57fe05d57087f48e730f17e5a5f53ef403d618e5b74d7a7e6ecb	3	1BE715	CN=Go Daddy Root Certificate Authority - G2,O=GoDaddy.com\\, Inc.,L=Scottsdale,ST=Arizona,C=US	OU=Go Daddy Class 2 Certification Authority,O=The Go Daddy Group\\, Inc.,C=US	1388539800.000000	1937871000.000000	rsaEncryption	sha256WithRSAEncryption	rsa	2048	65537	-	-	-	-	-	T	-	F	F
52.192880	03353870b36e13cc9c3367d81c149e27648e41d905fe4b80f6e66bc1747518e3	3	5FC5C34527673951	CN=*.googleapis.com,O=Google Inc,L=Mountain View,ST=California,C=US	CN=Google Internet Authority G2,O=Google Inc,C=US	1457502198.000000	1465237800.000000	rsaEncryption	sha256WithRSAEncryption	rsa	2048	65537	-	*.googleapis.com,*.clients6.google.com,*.cloudendpointsapis.com,cloudendpointsapis.com,googleapis.com	-	-	-	F	-	T	F
55.039318	16154060ff2d2d8805e802c453ad0a7f2add9422668a3f22ca7c6279eb02fe47	3	5BF855A0D52C5E59	CN=accounts.google.com,O=Google Inc,L=Mountain View,ST=California,C=US	CN=Google Internet Authority G2,O=Google Inc,C=US	1457503195.000000	1465237800.000000	rsaEncryption	sha256WithRSAEncryption	rsa	2048	65537	-	accounts.google.com,*.partner.android.com	-	-	-	F	-	T	F
57.582379	a5a5702ed803b2cdb5fb107dd01cf82107a021d6de93141b99eb1ac4536146cf	3	1AF72CBA953D408E	CN=www.google.com,O=Google Inc,L=Mountain View,ST=California,C=US	CN=Google Internet Authority G2,O=Google Inc,C=US	1457502217.000000	1465237800.000000	rsaEncryption	sha256WithRSAEncryption	rsa	2048	65537	-	www.google.com	-	-	-	F	-	T	F
93.438197	5b1b00d96c46fe051bd7add00d46c05f50f028da339981a92109d8833aafba25	3	5A000299591A041C696B56E356000100029959	CN=*.dc.trouter.io	CN=Microsoft IT SSL SHA2,OU=Microsoft IT,O=Microsoft Corporation,L=Redmond,ST=Washington,C=US	1453428346.000000	1516500346.000000	rsaEncryption	sha256WithRSAEncryption	rsa	2048	65537	-	go.trouter.io,*.drip.trouter.io,*.dc.trouter.io	-	-	-	-	-	T	F
93.438197	34bd941a06ed10e2fac8459f79e4748c1ea08f142c6de5e557884d0d3ce249fa	3	07279AA9	CN=Microsoft IT SSL SHA2,OU=Microsoft IT,O=Microsoft Corporation,L=Redmond,ST=Washington,C=US	CN=Baltimore CyberTrust Root,OU=CyberTrust,O=Baltimore,C=IE	1387463852.000000	1513694215.000000	rsaEncryption	sha256WithRSAEncryption	rsa	4096	65537	-	-	-	-	-	T	0	F	F
93.815788	204541a68a9f0fa31ba60f6299c7f6691416caa3912926dbc12cc22dbfc51899	3	5A00020DC892997C20582DB279000100020DC8	CN=msg.skype.com	CN=Microsoft IT SSL SHA2,OU=Microsoft IT,O=Microsoft Corporation,L=Redmond,ST=Washington,C=US	1444737997.000000	1507809997.000000	rsaEncryption	sha256WithRSAEncryption	rsa	2048	65537	-	msg.skype.com,msg.skype.microsoft.com,*.msg.skype.microsoft.com,msg.skype.live.com,*.msg.skype.live.com,*.msg.skype.com,*.gateway.messenger.live.com	-	-	-	-	-	T	F
93.815788	2399983e99703ebd01cea466c10799810c4ba62a8d61b88170a334dcd61bb20f	3	0727AA47	CN=Microsoft IT SSL SHA2,OU=Microsoft IT,O=Microsoft Corporation,L=Redmond,ST=Washington,C=US	CN=Baltimore CyberTrust Root,OU=CyberTrust,O=Baltimore,C=IE	1399462449.000000	1525692810.000000	rsaEncryption	sha256WithRSAEncryption	rsa	4096	65537	-	-	-	-	-	T	0	F	F
#close	2024-03-31-19-17-57
