#separator \x09
#set_separator	,
#empty_field	(empty)
#unset_field	-
#path	ocsp
#open	2024-03-31-18-57-21
#fields	ts	id	hashAlgorithm	issuerNameHash	issuerKeyHash	serialNumber	certStatus	revoketime	revokereason	thisUpdate	nextUpdate
#types	time	string	string	string	string	string	string	time	string	time	time
1711877716.404156	F15LYj1wZ0RMgMVoz1	sha1	48DAC9A0FB2BD32D4FF0DE68D2F567B735F9B3C4	142EB317B75856CBAE500940E61FAF9D8B14C2C6	03154FE920720657337BD83F413F7F0CB781	good	-	-	1711655520.000000	1712260318.000000
1711877716.404298	Fu3RFR1UpQ2xD9g7gf	sha1	48DAC9A0FB2BD32D4FF0DE68D2F567B735F9B3C4	142EB317B75856CBAE500940E61FAF9D8B14C2C6	03154FE920720657337BD83F413F7F0CB781	good	-	-	1711655520.000000	1712260318.000000
1711877738.651304	FcYqunf0hJKjUUEgk	sha1	C72E798ADDFF6134B3BAED4742B8BBC6C0240763	8A747FAF85CDEE95CD3D9CD0E24614F371351D27	2D5CBAE9559F75A50998444860C9787E	good	-	-	1711774737.000000	1712375936.000000
1711877738.715842	FLyKah3x4B2dq5hqwg	sha1	C72E798ADDFF6134B3BAED4742B8BBC6C0240763	8A747FAF85CDEE95CD3D9CD0E24614F371351D27	9CA85E37A7B3001312DB1DE40996FC4F	good	-	-	1711774731.000000	1712375930.000000
1711877738.862168	FxIXqcd5Fe7dHhwRa	sha1	C72E798ADDFF6134B3BAED4742B8BBC6C0240763	8A747FAF85CDEE95CD3D9CD0E24614F371351D27	9CA85E37A7B3001312DB1DE40996FC4F	good	-	-	1711774731.000000	1712375930.000000
1711877738.862222	FOTV943xcvHasrYyi3	sha1	C72E798ADDFF6134B3BAED4742B8BBC6C0240763	8A747FAF85CDEE95CD3D9CD0E24614F371351D27	2D5CBAE9559F75A50998444860C9787E	good	-	-	1711774737.000000	1712375936.000000
1711877742.160433	FLgcOK2ROXbusaI5F6	sha1	C72E798ADDFF6134B3BAED4742B8BBC6C0240763	8A747FAF85CDEE95CD3D9CD0E24614F371351D27	9BD38B8CA681AB151096F2CF1FC71615	good	-	-	1711772917.000000	1712374116.000000
1711877746.530189	Fmeqo62TeQ26WBMxtd	sha1	C72E798ADDFF6134B3BAED4742B8BBC6C0240763	8A747FAF85CDEE95CD3D9CD0E24614F371351D27	116C14452A561EB309F8DD0A680A44D7	good	-	-	1711772917.000000	1712374116.000000
1711877747.431898	F18HMb467xaNOArhhe	sha1	C72E798ADDFF6134B3BAED4742B8BBC6C0240763	8A747FAF85CDEE95CD3D9CD0E24614F371351D27	116C14452A561EB309F8DD0A680A44D7	good	-	-	1711772917.000000	1712374116.000000
1711877750.851350	Fitevl2nliOsVJyBki	sha1	C72E798ADDFF6134B3BAED4742B8BBC6C0240763	8A747FAF85CDEE95CD3D9CD0E24614F371351D27	2D5CBAE9559F75A50998444860C9787E	good	-	-	1711774737.000000	1712375936.000000
1711877750.934541	F5IwZ5tXUy12mZ462	sha1	C72E798ADDFF6134B3BAED4742B8BBC6C0240763	8A747FAF85CDEE95CD3D9CD0E24614F371351D27	2D5CBAE9559F75A50998444860C9787E	good	-	-	1711774737.000000	1712375936.000000
1711877751.068958	FoWXmo1mbY1mOFPIFk	sha1	C72E798ADDFF6134B3BAED4742B8BBC6C0240763	8A747FAF85CDEE95CD3D9CD0E24614F371351D27	9CA85E37A7B3001312DB1DE40996FC4F	good	-	-	1711774731.000000	1712375930.000000
1711877751.310102	FuRtlJ1kQKsjTb8e8k	sha1	C72E798ADDFF6134B3BAED4742B8BBC6C0240763	8A747FAF85CDEE95CD3D9CD0E24614F371351D27	57DA0E8E69ABA6A30A4776BA87DD086B	good	-	-	1711774731.000000	1712375930.000000
1711877751.503872	FOGxkA4OVXNvtIidHc	sha1	C72E798ADDFF6134B3BAED4742B8BBC6C0240763	8A747FAF85CDEE95CD3D9CD0E24614F371351D27	57DA0E8E69ABA6A30A4776BA87DD086B	good	-	-	1711774731.000000	1712375930.000000
1711877754.634753	FOgasB3z9QwgKQ8NAj	sha1	C72E798ADDFF6134B3BAED4742B8BBC6C0240763	8A747FAF85CDEE95CD3D9CD0E24614F371351D27	BF22C5A2007C32A312F87C173DBA176E	good	-	-	1711774996.000000	1712376195.000000
1711877755.300687	Fw0i6o3SgnhezBHTXj	sha1	C72E798ADDFF6134B3BAED4742B8BBC6C0240763	8A747FAF85CDEE95CD3D9CD0E24614F371351D27	BF22C5A2007C32A312F87C173DBA176E	good	-	-	1711774996.000000	1712376195.000000
1711877758.325448	F835y63UQqVXVyZX7	sha1	C72E798ADDFF6134B3BAED4742B8BBC6C0240763	8A747FAF85CDEE95CD3D9CD0E24614F371351D27	C4D400ACA6B89C290A69424FCAA34648	good	-	-	1711774737.000000	1712375936.000000
1711877759.176404	F4aO1l6ZppwE2q6l1	sha1	C72E798ADDFF6134B3BAED4742B8BBC6C0240763	8A747FAF85CDEE95CD3D9CD0E24614F371351D27	9BD38B8CA681AB151096F2CF1FC71615	good	-	-	1711772917.000000	1712374116.000000
1711877760.669918	FsDxVJ33QyYktm4d07	sha1	C72E798ADDFF6134B3BAED4742B8BBC6C0240763	8A747FAF85CDEE95CD3D9CD0E24614F371351D27	C4D400ACA6B89C290A69424FCAA34648	good	-	-	1711774737.000000	1712375936.000000
1711877767.161952	FvPcZn1uWuDxOWNCf5	sha1	C72E798ADDFF6134B3BAED4742B8BBC6C0240763	8A747FAF85CDEE95CD3D9CD0E24614F371351D27	E98D4542827776C210FF098B795FDD11	good	-	-	1711774731.000000	1712375930.000000
1711877769.480749	FFRCqc33K1wI7doBpa	sha1	C72E798ADDFF6134B3BAED4742B8BBC6C0240763	8A747FAF85CDEE95CD3D9CD0E24614F371351D27	E98D4542827776C210FF098B795FDD11	good	-	-	1711774731.000000	1712375930.000000
1711877772.824555	FItCZ32llhy7DTdADf	sha1	C72E798ADDFF6134B3BAED4742B8BBC6C0240763	8A747FAF85CDEE95CD3D9CD0E24614F371351D27	4768256D1913EAC60A58FAB6C3D2D59A	good	-	-	1711774737.000000	1712375936.000000
1711877773.867546	FGn1VD4bfo17HHLy9b	sha1	C72E798ADDFF6134B3BAED4742B8BBC6C0240763	8A747FAF85CDEE95CD3D9CD0E24614F371351D27	E98D4542827776C210FF098B795FDD11	good	-	-	1711774731.000000	1712375930.000000
1711877774.901229	F7mIO81CvA1UysUbK5	sha1	C72E798ADDFF6134B3BAED4742B8BBC6C0240763	8A747FAF85CDEE95CD3D9CD0E24614F371351D27	2D5CBAE9559F75A50998444860C9787E	good	-	-	1711774737.000000	1712375936.000000
1711877775.226671	FuMIB43a8K6bhWOxY8	sha1	C72E798ADDFF6134B3BAED4742B8BBC6C0240763	8A747FAF85CDEE95CD3D9CD0E24614F371351D27	2D5CBAE9559F75A50998444860C9787E	good	-	-	1711774737.000000	1712375936.000000
1711877775.244075	FAnxu03lTC3h3vCSd	sha1	C72E798ADDFF6134B3BAED4742B8BBC6C0240763	8A747FAF85CDEE95CD3D9CD0E24614F371351D27	2D5CBAE9559F75A50998444860C9787E	good	-	-	1711774737.000000	1712375936.000000
1711877775.621620	FTJVyl4LQnoNGhhxn6	sha1	C72E798ADDFF6134B3BAED4742B8BBC6C0240763	8A747FAF85CDEE95CD3D9CD0E24614F371351D27	2D5CBAE9559F75A50998444860C9787E	good	-	-	1711774737.000000	1712375936.000000
1711877779.645643	FK4P503ClU4Zx8I8Kc	sha1	C72E798ADDFF6134B3BAED4742B8BBC6C0240763	8A747FAF85CDEE95CD3D9CD0E24614F371351D27	4768256D1913EAC60A58FAB6C3D2D59A	good	-	-	1711774737.000000	1712375936.000000
1711877841.277694	FsdHqr3ZHd01uHFvX8	sha1	BA14A9AB8164C6AFB43C9D29383AE6F9D257ABE9	944FD45D8BE4A4E2A680FEFDD8F900EFA3BE0257	06B329F3B96BB8509966266C4367DF2D	good	-	-	1711790462.000000	1712391662.000000
#close	2024-03-31-18-57-21
