#separator \x09
#set_separator	,
#empty_field	(empty)
#unset_field	-
#path	ocsp
#open	2024-03-31-13-41-19
#fields	ts	id	hashAlgorithm	issuerNameHash	issuerKeyHash	serialNumber	certStatus	revoketime	revokereason	thisUpdate	nextUpdate
#types	time	string	string	string	string	string	string	time	string	time	time
1711865380.468755	FT6NdlWfLlb8ekkvh	sha1	48DAC9A0FB2BD32D4FF0DE68D2F567B735F9B3C4	142EB317B75856CBAE500940E61FAF9D8B14C2C6	03154FE920720657337BD83F413F7F0CB781	good	-	-	1711655520.000000	1712260318.000000
1711865380.468861	FDhwoaNcmsw3ouIH8	sha1	48DAC9A0FB2BD32D4FF0DE68D2F567B735F9B3C4	142EB317B75856CBAE500940E61FAF9D8B14C2C6	045A43957480042B1E82A31C6F86D5E1A8AA	good	-	-	1711638780.000000	1712243578.000000
1711865380.468963	FJpcQgqlgFivKCSTi	sha1	48DAC9A0FB2BD32D4FF0DE68D2F567B735F9B3C4	142EB317B75856CBAE500940E61FAF9D8B14C2C6	04CAE26151CBE8FEE7B6D33509733C594B62	good	-	-	1711721700.000000	1712326498.000000
1711865382.386837	FBTjWw3Xa0Pqsd81Qf	sha1	48DAC9A0FB2BD32D4FF0DE68D2F567B735F9B3C4	142EB317B75856CBAE500940E61FAF9D8B14C2C6	0369BA2E3A8AD40A30B61352C93AD5286035	good	-	-	1711686180.000000	1712290978.000000
1711865384.852944	Fq05ms4cketIXXW054	sha1	48DAC9A0FB2BD32D4FF0DE68D2F567B735F9B3C4	142EB317B75856CBAE500940E61FAF9D8B14C2C6	030FE51A0E7D8ABD031F8E8049DE0390EC5F	good	-	-	1711673100.000000	1712277898.000000
1711865390.556374	FUyubI107WWoWUorNj	sha1	C72E798ADDFF6134B3BAED4742B8BBC6C0240763	8A747FAF85CDEE95CD3D9CD0E24614F371351D27	FE1D1392618AE70C1065902A55D041AD	good	-	-	1711774906.000000	1712376105.000000
1711865390.757797	Ftai1S3CrtlwOPgLf5	sha1	48DAC9A0FB2BD32D4FF0DE68D2F567B735F9B3C4	142EB317B75856CBAE500940E61FAF9D8B14C2C6	0370356E5195BE4B2D14209848C3507C8469	good	-	-	1711659300.000000	1712264098.000000
1711865390.801943	FGZENo20rLhqoOZq24	sha1	C72E798ADDFF6134B3BAED4742B8BBC6C0240763	8A747FAF85CDEE95CD3D9CD0E24614F371351D27	9BD38B8CA681AB151096F2CF1FC71615	good	-	-	1711772917.000000	1712374116.000000
1711865390.833738	Fnl3O2q4kpXXReuHg	sha1	48DAC9A0FB2BD32D4FF0DE68D2F567B735F9B3C4	142EB317B75856CBAE500940E61FAF9D8B14C2C6	0370356E5195BE4B2D14209848C3507C8469	good	-	-	1711659300.000000	1712264098.000000
1711865390.852718	F2zBBt3NIcTP2BMBT2	sha1	48DAC9A0FB2BD32D4FF0DE68D2F567B735F9B3C4	142EB317B75856CBAE500940E61FAF9D8B14C2C6	034A9D80836B66D820B7065BDC43500F4875	good	-	-	1711806780.000000	1712411578.000000
1711865390.861427	Fh18hY2ed0GSDS3D87	sha1	C72E798ADDFF6134B3BAED4742B8BBC6C0240763	8A747FAF85CDEE95CD3D9CD0E24614F371351D27	FE1D1392618AE70C1065902A55D041AD	good	-	-	1711774906.000000	1712376105.000000
1711865390.904209	Fd37vHPpI2XEH8pub	sha1	E4E395A229D3D4C1C31FF0980C0B4EC0098AABD8	B76BA2EAA8AA848C79EAB4DA0F98B2C59576B9F4	01E0638B9ADF9C429B90A46EB9860606	good	-	-	1711762741.000000	1712363941.000000
1711865390.952899	FVLxVp3OTKnJSef7We	sha1	C72E798ADDFF6134B3BAED4742B8BBC6C0240763	8A747FAF85CDEE95CD3D9CD0E24614F371351D27	E98D4542827776C210FF098B795FDD11	good	-	-	1711774731.000000	1712375930.000000
1711865391.663258	FZSFWiIP4emHdH8Wc	sha1	C72E798ADDFF6134B3BAED4742B8BBC6C0240763	8A747FAF85CDEE95CD3D9CD0E24614F371351D27	2D5CBAE9559F75A50998444860C9787E	good	-	-	1711774737.000000	1712375936.000000
1711865400.001353	FDVEcL3XS1xmTIGGR6	sha1	48DAC9A0FB2BD32D4FF0DE68D2F567B735F9B3C4	142EB317B75856CBAE500940E61FAF9D8B14C2C6	031C2845D7DF00EA5B8A9F2C8DA88CDC88CC	good	-	-	1711740300.000000	1712345098.000000
1711865400.767475	FlqcOM39HzTdkcUIt1	sha1	48DAC9A0FB2BD32D4FF0DE68D2F567B735F9B3C4	142EB317B75856CBAE500940E61FAF9D8B14C2C6	04F6C48E472972B0393F32C7B2AB43C88612	good	-	-	1711648200.000000	1712252998.000000
1711865407.815012	Fb90PP3NsbEy8mBKXd	sha1	48DAC9A0FB2BD32D4FF0DE68D2F567B735F9B3C4	142EB317B75856CBAE500940E61FAF9D8B14C2C6	037FB9F733BBEC3E63AF0A2012B4EE156CFE	good	-	-	1711699080.000000	1712303878.000000
#close	2024-03-31-13-41-19
